<?xml version="1.0" encoding="UTF-8"?>
<testng-results ignored="1" total="3" passed="1" failed="1" skipped="0">
  <reporter-output>
  </reporter-output>
  <suite started-at="2023-06-15T13:49:23 IST" name="Suite" finished-at="2023-06-15T13:49:37 IST" duration-ms="13842">
    <groups>
    </groups>
    <test started-at="2023-06-15T13:49:23 IST" name="my hub spot test chrome" finished-at="2023-06-15T13:49:37 IST" duration-ms="13842">
      <class name="com.myTest.LoginTest">
        <test-method is-config="true" signature="setUpTest(java.lang.String)[pri:0, instance:com.myTest.LoginTest@3590fc5b]" started-at="2023-06-15T13:49:23 IST" name="setUpTest" finished-at="2023-06-15T13:49:35 IST" duration-ms="11591" status="PASS">
          <params>
            <param index="0">
              <value>
                <![CDATA[chrome]]>
              </value>
            </param>
          </params>
          <reporter-output>
          </reporter-output>
        </test-method> <!-- setUpTest -->
        <test-method is-config="true" signature="setUpTest(java.lang.String)[pri:0, instance:com.myTest.LoginTest@3590fc5b]" started-at="2023-06-15T13:49:23 IST" name="setUpTest" finished-at="2023-06-15T13:49:35 IST" duration-ms="11260" status="PASS">
          <params>
            <param index="0">
              <value>
                <![CDATA[chrome]]>
              </value>
            </param>
          </params>
          <reporter-output>
          </reporter-output>
        </test-method> <!-- setUpTest -->
        <test-method signature="verifyLoginPageTitleTest()[pri:1, instance:com.myTest.LoginTest@3590fc5b]" started-at="2023-06-15T13:49:35 IST" name="verifyLoginPageTitleTest" finished-at="2023-06-15T13:49:35 IST" duration-ms="30" status="PASS">
          <reporter-output>
          </reporter-output>
        </test-method> <!-- verifyLoginPageTitleTest -->
        <test-method is-config="true" signature="tearDown()[pri:0, instance:com.myTest.LoginTest@3590fc5b]" started-at="2023-06-15T13:49:35 IST" name="tearDown" finished-at="2023-06-15T13:49:36 IST" duration-ms="1500" status="PASS">
          <reporter-output>
          </reporter-output>
        </test-method> <!-- tearDown -->
        <test-method signature="doLogintest()[pri:3, instance:com.myTest.LoginTest@3590fc5b]" started-at="2023-06-15T13:49:35 IST" name="doLogintest" finished-at="2023-06-15T13:49:37 IST" duration-ms="2185" status="FAIL">
          <exception class="java.lang.NullPointerException">
            <message>
              <![CDATA[Cannot invoke "org.openqa.selenium.WebElement.sendKeys(java.lang.CharSequence[])" because the return value of "com.mypages.LoginPage.getEmailId()" is null]]>
            </message>
            <full-stacktrace>
              <![CDATA[java.lang.NullPointerException: Cannot invoke "org.openqa.selenium.WebElement.sendKeys(java.lang.CharSequence[])" because the return value of "com.mypages.LoginPage.getEmailId()" is null
at com.mypages.LoginPage.doLogin(LoginPage.java:50)
at com.myTest.LoginTest.doLogintest(LoginTest.java:29)
at java.base/jdk.internal.reflect.DirectMethodHandleAccessor.invoke(DirectMethodHandleAccessor.java:104)
at java.base/java.lang.reflect.Method.invoke(Method.java:578)
at org.testng.internal.invokers.MethodInvocationHelper.invokeMethod(MethodInvocationHelper.java:139)
at org.testng.internal.invokers.TestInvoker.invokeMethod(TestInvoker.java:677)
at org.testng.internal.invokers.TestInvoker.invokeTestMethod(TestInvoker.java:221)
at org.testng.internal.invokers.MethodRunner.runInSequence(MethodRunner.java:50)
at org.testng.internal.invokers.TestInvoker$MethodInvocationAgent.invoke(TestInvoker.java:969)
at org.testng.internal.invokers.TestInvoker.invokeTestMethods(TestInvoker.java:194)
at org.testng.internal.invokers.TestMethodWorker.invokeTestMethods(TestMethodWorker.java:148)
at org.testng.internal.invokers.TestMethodWorker.run(TestMethodWorker.java:128)
at java.base/java.util.concurrent.ThreadPoolExecutor.runWorker(ThreadPoolExecutor.java:1144)
at java.base/java.util.concurrent.ThreadPoolExecutor$Worker.run(ThreadPoolExecutor.java:642)
at java.base/java.lang.Thread.run(Thread.java:1623)
]]>
            </full-stacktrace>
          </exception> <!-- java.lang.NullPointerException -->
          <reporter-output>
          </reporter-output>
        </test-method> <!-- doLogintest -->
        <test-method is-config="true" signature="tearDown()[pri:0, instance:com.myTest.LoginTest@3590fc5b]" started-at="2023-06-15T13:49:37 IST" name="tearDown" finished-at="2023-06-15T13:49:37 IST" duration-ms="1" status="PASS">
          <reporter-output>
          </reporter-output>
        </test-method> <!-- tearDown -->
      </class> <!-- com.myTest.LoginTest -->
    </test> <!-- my hub spot test chrome -->
  </suite> <!-- Suite -->
</testng-results>
